0 info it worked if it ends with ok
1 verbose cli [ 'D:\\Program Files\\nodejs\\node.exe',
1 verbose cli   'D:\\Program Files\\nodejs\\node_modules\\npm\\bin\\npm-cli.js',
1 verbose cli   'run',
1 verbose cli   'build' ]
2 info using npm@3.10.3
3 info using node@v6.6.0
4 verbose run-script [ 'prebuild', 'build', 'postbuild' ]
5 info lifecycle angular-webpack-starter@2.0.0-beta.1~prebuild: angular-webpack-starter@2.0.0-beta.1
6 verbose lifecycle angular-webpack-starter@2.0.0-beta.1~prebuild: unsafe-perm in lifecycle true
7 verbose lifecycle angular-webpack-starter@2.0.0-beta.1~prebuild: PATH: D:\Program Files\nodejs\node_modules\npm\bin\node-gyp-bin;E:\research-data\workspace\admin-angular2\node_modules\.bin;D:\Program Files\nodejs;C:\Python27\;C:\Python27\Scripts;C:\ProgramData\Oracle\Java\javapath;C:\Program Files (x86)\NVIDIA Corporation\PhysX\Common;C:\Program Files (x86)\Intel\iCLS Client\;C:\Program Files\Intel\iCLS Client\;C:\Windows\system32;C:\Windows;C:\Windows\System32\Wbem;C:\Windows\System32\WindowsPowerShell\v1.0\;C:\Program Files\Intel\Intel(R) Management Engine Components\DAL;C:\Program Files\Intel\Intel(R) Management Engine Components\IPT;C:\Program Files (x86)\Intel\Intel(R) Management Engine Components\DAL;C:\Program Files (x86)\Intel\Intel(R) Management Engine Components\IPT;C:\ProgramData\Lenovo\ReadyApps;C:\Softwares\Java\jdk1.8.0_91\bin;C:\Softwares\gradle-2.14\bin;C:\Program Files\TortoiseSVN\bin;C:\Program Files\VisualSVN Server\bin;C:\Softwares\apache-maven-3.3.9\bin;D:\jenkins\apache-ant-1.9.6\bin;D:\Program Files (x86)\IDM Computer Solutions\UltraEdit;D:\EarthActiveX\BaseLibrary_DR\bin;D:\mysql-5.6.28-winx64\bin;C:\Softwares\Java\objectsjava\bin;C:\Program Files\TortoiseGit\bin;C:\Softwares\apache-maven-3.3.9\bin;C:\Program Files\OpenVPN\bin;C:\Program Files\Git\cmd;C:\Softwares\scala-2.11.8\bin;D:\Program Files\nodejs\;C:\Ruby23-x64\bin;C:\Users\朝阳\AppData\Roaming\npm
8 verbose lifecycle angular-webpack-starter@2.0.0-beta.1~prebuild: CWD: E:\research-data\workspace\admin-angular2
9 silly lifecycle angular-webpack-starter@2.0.0-beta.1~prebuild: Args: [ '/d /s /c', 'npm run clean-build' ]
10 silly lifecycle angular-webpack-starter@2.0.0-beta.1~prebuild: Returned: code: 0  signal: null
11 info lifecycle angular-webpack-starter@2.0.0-beta.1~build: angular-webpack-starter@2.0.0-beta.1
12 verbose lifecycle angular-webpack-starter@2.0.0-beta.1~build: unsafe-perm in lifecycle true
13 verbose lifecycle angular-webpack-starter@2.0.0-beta.1~build: PATH: D:\Program Files\nodejs\node_modules\npm\bin\node-gyp-bin;E:\research-data\workspace\admin-angular2\node_modules\.bin;D:\Program Files\nodejs;C:\Python27\;C:\Python27\Scripts;C:\ProgramData\Oracle\Java\javapath;C:\Program Files (x86)\NVIDIA Corporation\PhysX\Common;C:\Program Files (x86)\Intel\iCLS Client\;C:\Program Files\Intel\iCLS Client\;C:\Windows\system32;C:\Windows;C:\Windows\System32\Wbem;C:\Windows\System32\WindowsPowerShell\v1.0\;C:\Program Files\Intel\Intel(R) Management Engine Components\DAL;C:\Program Files\Intel\Intel(R) Management Engine Components\IPT;C:\Program Files (x86)\Intel\Intel(R) Management Engine Components\DAL;C:\Program Files (x86)\Intel\Intel(R) Management Engine Components\IPT;C:\ProgramData\Lenovo\ReadyApps;C:\Softwares\Java\jdk1.8.0_91\bin;C:\Softwares\gradle-2.14\bin;C:\Program Files\TortoiseSVN\bin;C:\Program Files\VisualSVN Server\bin;C:\Softwares\apache-maven-3.3.9\bin;D:\jenkins\apache-ant-1.9.6\bin;D:\Program Files (x86)\IDM Computer Solutions\UltraEdit;D:\EarthActiveX\BaseLibrary_DR\bin;D:\mysql-5.6.28-winx64\bin;C:\Softwares\Java\objectsjava\bin;C:\Program Files\TortoiseGit\bin;C:\Softwares\apache-maven-3.3.9\bin;C:\Program Files\OpenVPN\bin;C:\Program Files\Git\cmd;C:\Softwares\scala-2.11.8\bin;D:\Program Files\nodejs\;C:\Ruby23-x64\bin;C:\Users\朝阳\AppData\Roaming\npm
14 verbose lifecycle angular-webpack-starter@2.0.0-beta.1~build: CWD: E:\research-data\workspace\admin-angular2
15 silly lifecycle angular-webpack-starter@2.0.0-beta.1~build: Args: [ '/d /s /c',
15 silly lifecycle   'webpack --config config/webpack/webpack.prod.js --progress --profile --bail' ]
16 silly lifecycle angular-webpack-starter@2.0.0-beta.1~build: Returned: code: 2  signal: null
17 info lifecycle angular-webpack-starter@2.0.0-beta.1~build: Failed to exec build script
18 verbose stack Error: angular-webpack-starter@2.0.0-beta.1 build: `webpack --config config/webpack/webpack.prod.js --progress --profile --bail`
18 verbose stack Exit status 2
18 verbose stack     at EventEmitter.<anonymous> (D:\Program Files\nodejs\node_modules\npm\lib\utils\lifecycle.js:242:16)
18 verbose stack     at emitTwo (events.js:106:13)
18 verbose stack     at EventEmitter.emit (events.js:191:7)
18 verbose stack     at ChildProcess.<anonymous> (D:\Program Files\nodejs\node_modules\npm\lib\utils\spawn.js:40:14)
18 verbose stack     at emitTwo (events.js:106:13)
18 verbose stack     at ChildProcess.emit (events.js:191:7)
18 verbose stack     at maybeClose (internal/child_process.js:877:16)
18 verbose stack     at Process.ChildProcess._handle.onexit (internal/child_process.js:226:5)
19 verbose pkgid angular-webpack-starter@2.0.0-beta.1
20 verbose cwd E:\research-data\workspace\admin-angular2
21 error Windows_NT 6.3.9600
22 error argv "D:\\Program Files\\nodejs\\node.exe" "D:\\Program Files\\nodejs\\node_modules\\npm\\bin\\npm-cli.js" "run" "build"
23 error node v6.6.0
24 error npm  v3.10.3
25 error code ELIFECYCLE
26 error angular-webpack-starter@2.0.0-beta.1 build: `webpack --config config/webpack/webpack.prod.js --progress --profile --bail`
26 error Exit status 2
27 error Failed at the angular-webpack-starter@2.0.0-beta.1 build script 'webpack --config config/webpack/webpack.prod.js --progress --profile --bail'.
27 error Make sure you have the latest version of node.js and npm installed.
27 error If you do, this is most likely a problem with the angular-webpack-starter package,
27 error not with npm itself.
27 error Tell the author that this fails on your system:
27 error     webpack --config config/webpack/webpack.prod.js --progress --profile --bail
27 error You can get information on how to open an issue for this project with:
27 error     npm bugs angular-webpack-starter
27 error Or if that isn't available, you can get their info via:
27 error     npm owner ls angular-webpack-starter
27 error There is likely additional logging output above.
28 verbose exit [ 1, true ]
